Build started 4/2/2016 2:05:05 PM.
     1>Project "C:\Users\-\Documents\2015 Sem 2\Comg\Assignment3\LiZhaoyuan1\LiZhaoyuan1.vcxproj" on node 2 (Build target(s)).
     1>ClCompile:
         C:\Program Files (x86)\Microsoft Visual Studio 12.0\VC\bin\CL.exe /c /I"C:\Users\-\Documents\2015 Sem 2\Comg\Assignment3\\Common\Source" /I"C:\Users\-\Documents\2015 Sem 2\Comg\Assignment3\\glfw\include" /I"C:\Users\-\Documents\2015 Sem 2\Comg\Assignment3\\glew\include" /ZI /nologo /W3 /WX- /Od /Oy- /D WIN32 /D _DEBUG /D _CONSOLE /D _LIB /D _UNICODE /D UNICODE /Gm /EHsc /RTC1 /MDd /GS /fp:precise /Zc:wchar_t /Zc:forScope /Fo"Debug\\" /Fd"Debug\vc120.pdb" /Gd /TP /analyze- /errorReport:prompt Source\Assignment3.cpp
         Assignment3.cpp
     1>c:\users\-\documents\2015 sem 2\comg\assignment3\lizhaoyuan1\source\assignment3.cpp(153): warning C4305: 'argument' : truncation from 'double' to 'float'
     1>c:\users\-\documents\2015 sem 2\comg\assignment3\lizhaoyuan1\source\assignment3.cpp(298): warning C4244: '+=' : conversion from 'double' to 'float', possible loss of data
     1>c:\users\-\documents\2015 sem 2\comg\assignment3\lizhaoyuan1\source\assignment3.cpp(621): warning C4305: 'argument' : truncation from 'double' to 'float'
     1>c:\users\-\documents\2015 sem 2\comg\assignment3\lizhaoyuan1\source\assignment3.cpp(635): warning C4305: 'argument' : truncation from 'double' to 'float'
     1>c:\users\-\documents\2015 sem 2\comg\assignment3\lizhaoyuan1\source\assignment3.cpp(641): warning C4305: 'argument' : truncation from 'double' to 'float'
     1>c:\users\-\documents\2015 sem 2\comg\assignment3\lizhaoyuan1\source\assignment3.cpp(647): warning C4305: 'argument' : truncation from 'double' to 'float'
     1>c:\users\-\documents\2015 sem 2\comg\assignment3\lizhaoyuan1\source\assignment3.cpp(654): warning C4305: 'argument' : truncation from 'double' to 'float'
     1>c:\users\-\documents\2015 sem 2\comg\assignment3\lizhaoyuan1\source\assignment3.cpp(660): warning C4305: 'argument' : truncation from 'double' to 'float'
     1>c:\users\-\documents\2015 sem 2\comg\assignment3\lizhaoyuan1\source\assignment3.cpp(693): warning C4305: 'argument' : truncation from 'double' to 'float'
       Link:
         C:\Program Files (x86)\Microsoft Visual Studio 12.0\VC\bin\link.exe /ERRORREPORT:PROMPT /OUT:"C:\Users\-\Documents\2015 Sem 2\Comg\Assignment3\Debug\LiZhaoyuan1.exe" /INCREMENTAL /NOLOGO /LIBPATH:"C:\Users\-\Documents\2015 Sem 2\Comg\Assignment3\\glew\lib" /LIBPATH:"C:\Users\-\Documents\2015 Sem 2\Comg\Assignment3\Debug" /LIBPATH:"C:\Users\-\Documents\2015 Sem 2\Comg\Assignment3\\glfw\lib-msvc120" glew32.lib glfw3.lib opengl32.lib winmm.lib Common.lib kernel32.lib user32.lib gdi32.lib winspool.lib comdlg32.lib advapi32.lib shell32.lib ole32.lib oleaut32.lib uuid.lib odbc32.lib odbccp32.lib /MANIFEST /MANIFESTUAC:"level='asInvoker' uiAccess='false'" /manifest:embed /DEBUG /PDB:"C:\Users\-\Documents\2015 Sem 2\Comg\Assignment3\Debug\LiZhaoyuan1.pdb" /SUBSYSTEM:CONSOLE /TLBID:1 /DYNAMICBASE /NXCOMPAT /IMPLIB:"C:\Users\-\Documents\2015 Sem 2\Comg\Assignment3\Debug\LiZhaoyuan1.lib" /MACHINE:X86 Debug\Application.obj
         Debug\Assignment1.obj
         Debug\Assignment2.obj
         Debug\Assignment3.obj
         Debug\Camera.obj
         Debug\Camera2.obj
         Debug\Camera3.obj
         Debug\LoadOBJ.obj
         Debug\LoadTGA.obj
         Debug\main.obj
         Debug\Mesh.obj
         Debug\MeshBuilder.obj
         Debug\Scene1.obj
         Debug\Scene2.obj
         Debug\Scene3.obj
         Debug\Scene4.obj
         Debug\SceneLight.obj
         Debug\SceneLight2.obj
         Debug\SceneModel.obj
         Debug\SceneSkybox.obj
         Debug\SceneText.obj
         Debug\SceneTexture.obj
         Debug\shader.obj
         Debug\Utility.obj
         LiZhaoyuan1.vcxproj -> C:\Users\-\Documents\2015 Sem 2\Comg\Assignment3\Debug\LiZhaoyuan1.exe
     1>Done Building Project "C:\Users\-\Documents\2015 Sem 2\Comg\Assignment3\LiZhaoyuan1\LiZhaoyuan1.vcxproj" (Build target(s)).

Build succeeded.

Time Elapsed 00:00:01.01
